<?xml version="1.0" encoding="UTF-8"?>
<testsuite name="com.davefx.clipboardwire.service.WebSocketHandlerTest" tests="5" skipped="0" failures="0" errors="0" timestamp="2026-05-28T10:43:25" hostname="antero" time="21.358">
  <properties/>
  <testcase name="sendText delivers message to server" classname="com.davefx.clipboardwire.service.WebSocketHandlerTest" time="6.281"/>
  <testcase name="receives clip frame and calls listener" classname="com.davefx.clipboardwire.service.WebSocketHandlerTest" time="5.029"/>
  <testcase name="calls onDisconnected when connection fails" classname="com.davefx.clipboardwire.service.WebSocketHandlerTest" time="0.015"/>
  <testcase name="connects and receives welcome frame" classname="com.davefx.clipboardwire.service.WebSocketHandlerTest" time="5.014"/>
  <testcase name="sends basic auth header on upgrade" classname="com.davefx.clipboardwire.service.WebSocketHandlerTest" time="5.012"/>
  <system-out><![CDATA[]]></system-out>
  <system-err><![CDATA[]]></system-err>
</testsuite>
